<?xml version="1.0" encoding="UTF-8"?>
<!-- Generated by org.testng.reporters.JUnitReportReporter -->
<testsuite hostname="TYSS-Syed" failures="0" tests="1" name="tesng.Testcase3" time="0.001" errors="0" timestamp="2022-12-28T11:49:24 IST" skipped="0">
  <testcase classname="tesng.Testcase3" name="tc3" time="0.001"/>
  <system-out>
    <![CDATA[Selenium jenkin]]>
  </system-out>
</testsuite> <!-- tesng.Testcase3 -->
