<?xml version="1.0" encoding="UTF-8"?>
<!-- Generated by org.testng.reporters.JUnitReportReporter -->
<testsuite hostname="TYSS-Syed" failures="0" tests="1" name="tesng.Testcase1" time="0.029" errors="0" timestamp="2022-12-28T11:49:25 IST" skipped="0">
  <testcase classname="tesng.Testcase1" name="tc1" time="0.029"/>
  <system-out>
    <![CDATA[Selenium]]>
  </system-out>
</testsuite> <!-- tesng.Testcase1 -->
