<?xml version="1.0" encoding="UTF-8"?>
<!-- Generated by org.testng.reporters.JUnitReportReporter -->
<testsuite hostname="TYSS-Syed" failures="0" tests="1" name="tesng.Testcase4" time="0.002" errors="0" timestamp="2022-12-28T11:49:25 IST" skipped="0">
  <testcase classname="tesng.Testcase4" name="tc4" time="0.002"/>
  <system-out>
    <![CDATA[Selenium python]]>
  </system-out>
</testsuite> <!-- tesng.Testcase4 -->
